# JRE version: Java(TM) SE Runtime Environment (8.0_60-b27) (build 1.8.0_60-b27)
# Java VM: Java HotSpot(TM) 64-Bit Server VM (25.60-b23 mixed mode windows-amd64 compressed oops)
Heap:
 PSYoungGen      total 124416K, used 114725K [0x00000000ecf00000, 0x00000000f5180000, 0x0000000100000000)
  eden space 117248K, 91% used [0x00000000ecf00000,0x00000000f380a8a0,0x00000000f4180000)
  from space 7168K, 99% used [0x00000000f4580000,0x00000000f4c7ef30,0x00000000f4c80000)
  to   space 5120K, 0% used [0x00000000f4c80000,0x00000000f4c80000,0x00000000f5180000)
 ParOldGen       total 41984K, used 13939K [0x00000000c6c00000, 0x00000000c9500000, 0x00000000ecf00000)
  object space 41984K, 33% used [0x00000000c6c00000,0x00000000c799ced0,0x00000000c9500000)
 Metaspace       used 33449K, capacity 33800K, committed 34176K, reserved 1079296K
  class space    used 4104K, capacity 4185K, committed 4224K, reserved 1048576K
GC Heap History (10 events):
Event: 2.336 GC heap before
{Heap before GC invocations=6 (full 0):
 PSYoungGen      total 32768K, used 32760K [0x00000000ecf00000, 0x00000000f1b00000, 0x0000000100000000)
  eden space 30720K, 100% used [0x00000000ecf00000,0x00000000eed00000,0x00000000eed00000)
  from space 2048K, 99% used [0x00000000eed00000,0x00000000eeefe010,0x00000000eef00000)
  to   space 8192K, 0% used [0x00000000f1300000,0x00000000f1300000,0x00000000f1b00000)
 ParOldGen       total 39936K, used 14745K [0x00000000c6c00000, 0x00000000c9300000, 0x00000000ecf00000)
  object space 39936K, 36% used [0x00000000c6c00000,0x00000000c7a66670,0x00000000c9300000)
 Metaspace       used 19453K, capacity 19748K, committed 19968K, reserved 1067008K
  class space    used 2371K, capacity 2439K, committed 2560K, reserved 1048576K
Event: 2.345 GC heap after
Heap after GC invocations=6 (full 0):
 PSYoungGen      total 69632K, used 3584K [0x00000000ecf00000, 0x00000000f1b00000, 0x0000000100000000)
  eden space 61440K, 0% used [0x00000000ecf00000,0x00000000ecf00000,0x00000000f0b00000)
  from space 8192K, 43% used [0x00000000f1300000,0x00000000f16802f0,0x00000000f1b00000)
  to   space 8192K, 0% used [0x00000000f0b00000,0x00000000f0b00000,0x00000000f1300000)
 ParOldGen       total 39936K, used 14745K [0x00000000c6c00000, 0x00000000c9300000, 0x00000000ecf00000)
  object space 39936K, 36% used [0x00000000c6c00000,0x00000000c7a66670,0x00000000c9300000)
 Metaspace       used 19453K, capacity 19748K, committed 19968K, reserved 1067008K
  class space    used 2371K, capacity 2439K, committed 2560K, reserved 1048576K
}
Event: 2.816 GC heap before
{Heap before GC invocations=7 (full 0):
 PSYoungGen      total 69632K, used 43609K [0x00000000ecf00000, 0x00000000f1b00000, 0x0000000100000000)
  eden space 61440K, 65% used [0x00000000ecf00000,0x00000000ef616470,0x00000000f0b00000)
  from space 8192K, 43% used [0x00000000f1300000,0x00000000f16802f0,0x00000000f1b00000)
  to   space 8192K, 0% used [0x00000000f0b00000,0x00000000f0b00000,0x00000000f1300000)
 ParOldGen       total 39936K, used 14745K [0x00000000c6c00000, 0x00000000c9300000, 0x00000000ecf00000)
  object space 39936K, 36% used [0x00000000c6c00000,0x00000000c7a66670,0x00000000c9300000)
 Metaspace       used 20965K, capacity 21206K, committed 21296K, reserved 1069056K
  class space    used 2583K, capacity 2666K, committed 2688K, reserved 1048576K
Event: 2.831 GC heap after
Heap after GC invocations=7 (full 0):
 PSYoungGen      total 69632K, used 4670K [0x00000000ecf00000, 0x00000000f5600000, 0x0000000100000000)
  eden space 61440K, 0% used [0x00000000ecf00000,0x00000000ecf00000,0x00000000f0b00000)
  from space 8192K, 57% used [0x00000000f0b00000,0x00000000f0f8fb20,0x00000000f1300000)
  to   space 7680K, 0% used [0x00000000f4e80000,0x00000000f4e80000,0x00000000f5600000)
 ParOldGen       total 39936K, used 15383K [0x00000000c6c00000, 0x00000000c9300000, 0x00000000ecf00000)
  object space 39936K, 38% used [0x00000000c6c00000,0x00000000c7b05d50,0x00000000c9300000)
 Metaspace       used 20965K, capacity 21206K, committed 21296K, reserved 1069056K
  class space    used 2583K, capacity 2666K, committed 2688K, reserved 1048576K
}
Event: 2.832 GC heap before
{Heap before GC invocations=8 (full 1):
 PSYoungGen      total 69632K, used 4670K [0x00000000ecf00000, 0x00000000f5600000, 0x0000000100000000)
  eden space 61440K, 0% used [0x00000000ecf00000,0x00000000ecf00000,0x00000000f0b00000)
  from space 8192K, 57% used [0x00000000f0b00000,0x00000000f0f8fb20,0x00000000f1300000)
  to   space 7680K, 0% used [0x00000000f4e80000,0x00000000f4e80000,0x00000000f5600000)
 ParOldGen       total 39936K, used 15383K [0x00000000c6c00000, 0x00000000c9300000, 0x00000000ecf00000)
  object space 39936K, 38% used [0x00000000c6c00000,0x00000000c7b05d50,0x00000000c9300000)
 Metaspace       used 20965K, capacity 21206K, committed 21296K, reserved 1069056K
  class space    used 2583K, capacity 2666K, committed 2688K, reserved 1048576K
Event: 2.886 GC heap after
Heap after GC invocations=8 (full 1):
 PSYoungGen      total 69632K, used 0K [0x00000000ecf00000, 0x00000000f5600000, 0x0000000100000000)
  eden space 61440K, 0% used [0x00000000ecf00000,0x00000000ecf00000,0x00000000f0b00000)
  from space 8192K, 0% used [0x00000000f0b00000,0x00000000f0b00000,0x00000000f1300000)
  to   space 7680K, 0% used [0x00000000f4e80000,0x00000000f4e80000,0x00000000f5600000)
 ParOldGen       total 41984K, used 13244K [0x00000000c6c00000, 0x00000000c9500000, 0x00000000ecf00000)
  object space 41984K, 31% used [0x00000000c6c00000,0x00000000c78ef178,0x00000000c9500000)
 Metaspace       used 20965K, capacity 21206K, committed 21296K, reserved 1069056K
  class space    used 2583K, capacity 2666K, committed 2688K, reserved 1048576K
}
Event: 3.966 GC heap before
{Heap before GC invocations=9 (full 1):
 PSYoungGen      total 69632K, used 61440K [0x00000000ecf00000, 0x00000000f5600000, 0x0000000100000000)
  eden space 61440K, 100% used [0x00000000ecf00000,0x00000000f0b00000,0x00000000f0b00000)
  from space 8192K, 0% used [0x00000000f0b00000,0x00000000f0b00000,0x00000000f1300000)
  to   space 7680K, 0% used [0x00000000f4e80000,0x00000000f4e80000,0x00000000f5600000)
 ParOldGen       total 41984K, used 13244K [0x00000000c6c00000, 0x00000000c9500000, 0x00000000ecf00000)
  object space 41984K, 31% used [0x00000000c6c00000,0x00000000c78ef178,0x00000000c9500000)
 Metaspace       used 24691K, capacity 25006K, committed 25216K, reserved 1071104K
  class space    used 3051K, capacity 3118K, committed 3200K, reserved 1048576K
Event: 3.974 GC heap after
Heap after GC invocations=9 (full 1):
 PSYoungGen      total 96768K, used 4860K [0x00000000ecf00000, 0x00000000f5380000, 0x0000000100000000)
  eden space 91648K, 0% used [0x00000000ecf00000,0x00000000ecf00000,0x00000000f2880000)
  from space 5120K, 94% used [0x00000000f4e80000,0x00000000f533f340,0x00000000f5380000)
  to   space 7168K, 0% used [0x00000000f4580000,0x00000000f4580000,0x00000000f4c80000)
 ParOldGen       total 41984K, used 13252K [0x00000000c6c00000, 0x00000000c9500000, 0x00000000ecf00000)
  object space 41984K, 31% used [0x00000000c6c00000,0x00000000c78f1178,0x00000000c9500000)
 Metaspace       used 24691K, capacity 25006K, committed 25216K, reserved 1071104K
  class space    used 3051K, capacity 3118K, committed 3200K, reserved 1048576K
}
Event: 5.090 GC heap before
{Heap before GC invocations=10 (full 1):
 PSYoungGen      total 96768K, used 96508K [0x00000000ecf00000, 0x00000000f5380000, 0x0000000100000000)
  eden space 91648K, 100% used [0x00000000ecf00000,0x00000000f2880000,0x00000000f2880000)
  from space 5120K, 94% used [0x00000000f4e80000,0x00000000f533f340,0x00000000f5380000)
  to   space 7168K, 0% used [0x00000000f4580000,0x00000000f4580000,0x00000000f4c80000)
 ParOldGen       total 41984K, used 13252K [0x00000000c6c00000, 0x00000000c9500000, 0x00000000ecf00000)
  object space 41984K, 31% used [0x00000000c6c00000,0x00000000c78f1178,0x00000000c9500000)
 Metaspace       used 27453K, capacity 27832K, committed 28160K, reserved 1073152K
  class space    used 3373K, capacity 3477K, committed 3584K, reserved 1048576K
Event: 5.103 GC heap after
Heap after GC invocations=10 (full 1):
 PSYoungGen      total 124416K, used 7163K [0x00000000ecf00000, 0x00000000f5180000, 0x0000000100000000)
  eden space 117248K, 0% used [0x00000000ecf00000,0x00000000ecf00000,0x00000000f4180000)
  from space 7168K, 99% used [0x00000000f4580000,0x00000000f4c7ef30,0x00000000f4c80000)
  to   space 5120K, 0% used [0x00000000f4c80000,0x00000000f4c80000,0x00000000f5180000)
 ParOldGen       total 41984K, used 13939K [0x00000000c6c00000, 0x00000000c9500000, 0x00000000ecf00000)
  object space 41984K, 33% used [0x00000000c6c00000,0x00000000c799ced0,0x00000000c9500000)
 Metaspace       used 27453K, capacity 27832K, committed 28160K, reserved 1073152K
  class space    used 3373K, capacity 3477K, committed 3584K, reserved 1048576K
}

