# JRE version: Java(TM) SE Runtime Environment (8.0_60-b27) (build 1.8.0_60-b27)
# Java VM: Java HotSpot(TM) 64-Bit Server VM (25.60-b23 mixed mode windows-amd64 compressed oops)
Heap:
 PSYoungGen      total 138752K, used 22200K [0x00000000ecf00000, 0x00000000f8100000, 0x0000000100000000)
  eden space 130048K, 10% used [0x00000000ecf00000,0x00000000edc354e0,0x00000000f4e00000)
  from space 8704K, 99% used [0x00000000f5a00000,0x00000000f6278c58,0x00000000f6280000)
  to   space 12288K, 0% used [0x00000000f4e00000,0x00000000f4e00000,0x00000000f5a00000)
 ParOldGen       total 39424K, used 21310K [0x00000000c6c00000, 0x00000000c9280000, 0x00000000ecf00000)
  object space 39424K, 54% used [0x00000000c6c00000,0x00000000c80cf978,0x00000000c9280000)
 Metaspace       used 33906K, capacity 34248K, committed 34560K, reserved 1079296K
  class space    used 4151K, capacity 4249K, committed 4352K, reserved 1048576K
GC Heap History (10 events):
Event: 2.947 GC heap before
{Heap before GC invocations=7 (full 0):
 PSYoungGen      total 69632K, used 43847K [0x00000000ecf00000, 0x00000000f1b00000, 0x0000000100000000)
  eden space 61440K, 65% used [0x00000000ecf00000,0x00000000ef647e40,0x00000000f0b00000)
  from space 8192K, 44% used [0x00000000f1300000,0x00000000f1689f38,0x00000000f1b00000)
  to   space 8192K, 0% used [0x00000000f0b00000,0x00000000f0b00000,0x00000000f1300000)
 ParOldGen       total 39936K, used 14697K [0x00000000c6c00000, 0x00000000c9300000, 0x00000000ecf00000)
  object space 39936K, 36% used [0x00000000c6c00000,0x00000000c7a5a5e8,0x00000000c9300000)
 Metaspace       used 20942K, capacity 21206K, committed 21296K, reserved 1069056K
  class space    used 2582K, capacity 2666K, committed 2688K, reserved 1048576K
Event: 2.957 GC heap after
Heap after GC invocations=7 (full 0):
 PSYoungGen      total 69632K, used 4647K [0x00000000ecf00000, 0x00000000f5600000, 0x0000000100000000)
  eden space 61440K, 0% used [0x00000000ecf00000,0x00000000ecf00000,0x00000000f0b00000)
  from space 8192K, 56% used [0x00000000f0b00000,0x00000000f0f89e98,0x00000000f1300000)
  to   space 7680K, 0% used [0x00000000f4e80000,0x00000000f4e80000,0x00000000f5600000)
 ParOldGen       total 39936K, used 15405K [0x00000000c6c00000, 0x00000000c9300000, 0x00000000ecf00000)
  object space 39936K, 38% used [0x00000000c6c00000,0x00000000c7b0b770,0x00000000c9300000)
 Metaspace       used 20942K, capacity 21206K, committed 21296K, reserved 1069056K
  class space    used 2582K, capacity 2666K, committed 2688K, reserved 1048576K
}
Event: 2.957 GC heap before
{Heap before GC invocations=8 (full 1):
 PSYoungGen      total 69632K, used 4647K [0x00000000ecf00000, 0x00000000f5600000, 0x0000000100000000)
  eden space 61440K, 0% used [0x00000000ecf00000,0x00000000ecf00000,0x00000000f0b00000)
  from space 8192K, 56% used [0x00000000f0b00000,0x00000000f0f89e98,0x00000000f1300000)
  to   space 7680K, 0% used [0x00000000f4e80000,0x00000000f4e80000,0x00000000f5600000)
 ParOldGen       total 39936K, used 15405K [0x00000000c6c00000, 0x00000000c9300000, 0x00000000ecf00000)
  object space 39936K, 38% used [0x00000000c6c00000,0x00000000c7b0b770,0x00000000c9300000)
 Metaspace       used 20942K, capacity 21206K, committed 21296K, reserved 1069056K
  class space    used 2582K, capacity 2666K, committed 2688K, reserved 1048576K
Event: 3.011 GC heap after
Heap after GC invocations=8 (full 1):
 PSYoungGen      total 69632K, used 0K [0x00000000ecf00000, 0x00000000f5600000, 0x0000000100000000)
  eden space 61440K, 0% used [0x00000000ecf00000,0x00000000ecf00000,0x00000000f0b00000)
  from space 8192K, 0% used [0x00000000f0b00000,0x00000000f0b00000,0x00000000f1300000)
  to   space 7680K, 0% used [0x00000000f4e80000,0x00000000f4e80000,0x00000000f5600000)
 ParOldGen       total 39424K, used 13229K [0x00000000c6c00000, 0x00000000c9280000, 0x00000000ecf00000)
  object space 39424K, 33% used [0x00000000c6c00000,0x00000000c78eb508,0x00000000c9280000)
 Metaspace       used 20942K, capacity 21206K, committed 21296K, reserved 1069056K
  class space    used 2582K, capacity 2666K, committed 2688K, reserved 1048576K
}
Event: 4.642 GC heap before
{Heap before GC invocations=9 (full 1):
 PSYoungGen      total 69632K, used 61440K [0x00000000ecf00000, 0x00000000f5600000, 0x0000000100000000)
  eden space 61440K, 100% used [0x00000000ecf00000,0x00000000f0b00000,0x00000000f0b00000)
  from space 8192K, 0% used [0x00000000f0b00000,0x00000000f0b00000,0x00000000f1300000)
  to   space 7680K, 0% used [0x00000000f4e80000,0x00000000f4e80000,0x00000000f5600000)
 ParOldGen       total 39424K, used 13229K [0x00000000c6c00000, 0x00000000c9280000, 0x00000000ecf00000)
  object space 39424K, 33% used [0x00000000c6c00000,0x00000000c78eb508,0x00000000c9280000)
 Metaspace       used 24735K, capacity 25070K, committed 25216K, reserved 1071104K
  class space    used 3056K, capacity 3118K, committed 3200K, reserved 1048576K
Event: 4.653 GC heap after
Heap after GC invocations=9 (full 1):
 PSYoungGen      total 104448K, used 4933K [0x00000000ecf00000, 0x00000000f5380000, 0x0000000100000000)
  eden space 99328K, 0% used [0x00000000ecf00000,0x00000000ecf00000,0x00000000f3000000)
  from space 5120K, 96% used [0x00000000f4e80000,0x00000000f53517b0,0x00000000f5380000)
  to   space 7168K, 0% used [0x00000000f4580000,0x00000000f4580000,0x00000000f4c80000)
 ParOldGen       total 39424K, used 13237K [0x00000000c6c00000, 0x00000000c9280000, 0x00000000ecf00000)
  object space 39424K, 33% used [0x00000000c6c00000,0x00000000c78ed508,0x00000000c9280000)
 Metaspace       used 24735K, capacity 25070K, committed 25216K, reserved 1071104K
  class space    used 3056K, capacity 3118K, committed 3200K, reserved 1048576K
}
Event: 5.890 GC heap before
{Heap before GC invocations=10 (full 1):
 PSYoungGen      total 104448K, used 104261K [0x00000000ecf00000, 0x00000000f5380000, 0x0000000100000000)
  eden space 99328K, 100% used [0x00000000ecf00000,0x00000000f3000000,0x00000000f3000000)
  from space 5120K, 96% used [0x00000000f4e80000,0x00000000f53517b0,0x00000000f5380000)
  to   space 7168K, 0% used [0x00000000f4580000,0x00000000f4580000,0x00000000f4c80000)
 ParOldGen       total 39424K, used 13237K [0x00000000c6c00000, 0x00000000c9280000, 0x00000000ecf00000)
  object space 39424K, 33% used [0x00000000c6c00000,0x00000000c78ed508,0x00000000c9280000)
 Metaspace       used 27632K, capacity 27992K, committed 28160K, reserved 1073152K
  class space    used 3407K, capacity 3509K, committed 3584K, reserved 1048576K
Event: 5.900 GC heap after
Heap after GC invocations=10 (full 1):
 PSYoungGen      total 128512K, used 7158K [0x00000000ecf00000, 0x00000000f6280000, 0x0000000100000000)
  eden space 121344K, 0% used [0x00000000ecf00000,0x00000000ecf00000,0x00000000f4580000)
  from space 7168K, 99% used [0x00000000f4580000,0x00000000f4c7d8c0,0x00000000f4c80000)
  to   space 8704K, 0% used [0x00000000f5a00000,0x00000000f5a00000,0x00000000f6280000)
 ParOldGen       total 39424K, used 14350K [0x00000000c6c00000, 0x00000000c9280000, 0x00000000ecf00000)
  object space 39424K, 36% used [0x00000000c6c00000,0x00000000c7a03958,0x00000000c9280000)
 Metaspace       used 27632K, capacity 27992K, committed 28160K, reserved 1073152K
  class space    used 3407K, capacity 3509K, committed 3584K, reserved 1048576K
}
Event: 607.131 GC heap before
{Heap before GC invocations=11 (full 1):
 PSYoungGen      total 128512K, used 128502K [0x00000000ecf00000, 0x00000000f6280000, 0x0000000100000000)
  eden space 121344K, 100% used [0x00000000ecf00000,0x00000000f4580000,0x00000000f4580000)
  from space 7168K, 99% used [0x00000000f4580000,0x00000000f4c7d8c0,0x00000000f4c80000)
  to   space 8704K, 0% used [0x00000000f5a00000,0x00000000f5a00000,0x00000000f6280000)
 ParOldGen       total 39424K, used 14350K [0x00000000c6c00000, 0x00000000c9280000, 0x00000000ecf00000)
  object space 39424K, 36% used [0x00000000c6c00000,0x00000000c7a03958,0x00000000c9280000)
 Metaspace       used 33770K, capacity 34088K, committed 34432K, reserved 1079296K
  class space    used 4144K, capacity 4217K, committed 4224K, reserved 1048576K
Event: 607.167 GC heap after
Heap after GC invocations=11 (full 1):
 PSYoungGen      total 138752K, used 8675K [0x00000000ecf00000, 0x00000000f8100000, 0x0000000100000000)
  eden space 130048K, 0% used [0x00000000ecf00000,0x00000000ecf00000,0x00000000f4e00000)
  from space 8704K, 99% used [0x00000000f5a00000,0x00000000f6278c58,0x00000000f6280000)
  to   space 12288K, 0% used [0x00000000f4e00000,0x00000000f4e00000,0x00000000f5a00000)
 ParOldGen       total 39424K, used 21310K [0x00000000c6c00000, 0x00000000c9280000, 0x00000000ecf00000)
  object space 39424K, 54% used [0x00000000c6c00000,0x00000000c80cf978,0x00000000c9280000)
 Metaspace       used 33770K, capacity 34088K, committed 34432K, reserved 1079296K
  class space    used 4144K, capacity 4217K, committed 4224K, reserved 1048576K
}

