# JRE version: Java(TM) SE Runtime Environment (8.0_60-b27) (build 1.8.0_60-b27)
# Java VM: Java HotSpot(TM) 64-Bit Server VM (25.60-b23 mixed mode windows-amd64 compressed oops)
Heap:
 PSYoungGen      total 129536K, used 13132K [0x00000000ecf00000, 0x00000000f7d80000, 0x0000000100000000)
  eden space 121344K, 4% used [0x00000000ecf00000,0x00000000ed3d5fb8,0x00000000f4580000)
  from space 8192K, 99% used [0x00000000f5100000,0x00000000f58fd070,0x00000000f5900000)
  to   space 11776K, 0% used [0x00000000f4580000,0x00000000f4580000,0x00000000f5100000)
 ParOldGen       total 41472K, used 20513K [0x00000000c6c00000, 0x00000000c9480000, 0x00000000ecf00000)
  object space 41472K, 49% used [0x00000000c6c00000,0x00000000c8008700,0x00000000c9480000)
 Metaspace       used 33987K, capacity 34312K, committed 34560K, reserved 1079296K
  class space    used 4158K, capacity 4249K, committed 4352K, reserved 1048576K
GC Heap History (10 events):
Event: 2.897 GC heap before
{Heap before GC invocations=7 (full 0):
 PSYoungGen      total 69632K, used 44299K [0x00000000ecf00000, 0x00000000f1b00000, 0x0000000100000000)
  eden space 61440K, 66% used [0x00000000ecf00000,0x00000000ef6b8210,0x00000000f0b00000)
  from space 8192K, 44% used [0x00000000f1300000,0x00000000f168ab10,0x00000000f1b00000)
  to   space 8192K, 0% used [0x00000000f0b00000,0x00000000f0b00000,0x00000000f1300000)
 ParOldGen       total 39936K, used 14475K [0x00000000c6c00000, 0x00000000c9300000, 0x00000000ecf00000)
  object space 39936K, 36% used [0x00000000c6c00000,0x00000000c7a22d58,0x00000000c9300000)
 Metaspace       used 20946K, capacity 21206K, committed 21296K, reserved 1069056K
  class space    used 2580K, capacity 2666K, committed 2688K, reserved 1048576K
Event: 2.913 GC heap after
Heap after GC invocations=7 (full 0):
 PSYoungGen      total 69632K, used 4765K [0x00000000ecf00000, 0x00000000f5600000, 0x0000000100000000)
  eden space 61440K, 0% used [0x00000000ecf00000,0x00000000ecf00000,0x00000000f0b00000)
  from space 8192K, 58% used [0x00000000f0b00000,0x00000000f0fa7520,0x00000000f1300000)
  to   space 7680K, 0% used [0x00000000f4e80000,0x00000000f4e80000,0x00000000f5600000)
 ParOldGen       total 39936K, used 15162K [0x00000000c6c00000, 0x00000000c9300000, 0x00000000ecf00000)
  object space 39936K, 37% used [0x00000000c6c00000,0x00000000c7acea30,0x00000000c9300000)
 Metaspace       used 20946K, capacity 21206K, committed 21296K, reserved 1069056K
  class space    used 2580K, capacity 2666K, committed 2688K, reserved 1048576K
}
Event: 2.913 GC heap before
{Heap before GC invocations=8 (full 1):
 PSYoungGen      total 69632K, used 4765K [0x00000000ecf00000, 0x00000000f5600000, 0x0000000100000000)
  eden space 61440K, 0% used [0x00000000ecf00000,0x00000000ecf00000,0x00000000f0b00000)
  from space 8192K, 58% used [0x00000000f0b00000,0x00000000f0fa7520,0x00000000f1300000)
  to   space 7680K, 0% used [0x00000000f4e80000,0x00000000f4e80000,0x00000000f5600000)
 ParOldGen       total 39936K, used 15162K [0x00000000c6c00000, 0x00000000c9300000, 0x00000000ecf00000)
  object space 39936K, 37% used [0x00000000c6c00000,0x00000000c7acea30,0x00000000c9300000)
 Metaspace       used 20946K, capacity 21206K, committed 21296K, reserved 1069056K
  class space    used 2580K, capacity 2666K, committed 2688K, reserved 1048576K
Event: 2.980 GC heap after
Heap after GC invocations=8 (full 1):
 PSYoungGen      total 69632K, used 0K [0x00000000ecf00000, 0x00000000f5600000, 0x0000000100000000)
  eden space 61440K, 0% used [0x00000000ecf00000,0x00000000ecf00000,0x00000000f0b00000)
  from space 8192K, 0% used [0x00000000f0b00000,0x00000000f0b00000,0x00000000f1300000)
  to   space 7680K, 0% used [0x00000000f4e80000,0x00000000f4e80000,0x00000000f5600000)
 ParOldGen       total 41472K, used 13309K [0x00000000c6c00000, 0x00000000c9480000, 0x00000000ecf00000)
  object space 41472K, 32% used [0x00000000c6c00000,0x00000000c78ff6c0,0x00000000c9480000)
 Metaspace       used 20946K, capacity 21206K, committed 21296K, reserved 1069056K
  class space    used 2580K, capacity 2666K, committed 2688K, reserved 1048576K
}
Event: 4.152 GC heap before
{Heap before GC invocations=9 (full 1):
 PSYoungGen      total 69632K, used 61440K [0x00000000ecf00000, 0x00000000f5600000, 0x0000000100000000)
  eden space 61440K, 100% used [0x00000000ecf00000,0x00000000f0b00000,0x00000000f0b00000)
  from space 8192K, 0% used [0x00000000f0b00000,0x00000000f0b00000,0x00000000f1300000)
  to   space 7680K, 0% used [0x00000000f4e80000,0x00000000f4e80000,0x00000000f5600000)
 ParOldGen       total 41472K, used 13309K [0x00000000c6c00000, 0x00000000c9480000, 0x00000000ecf00000)
  object space 41472K, 32% used [0x00000000c6c00000,0x00000000c78ff6c0,0x00000000c9480000)
 Metaspace       used 24702K, capacity 25006K, committed 25216K, reserved 1071104K
  class space    used 3055K, capacity 3118K, committed 3200K, reserved 1048576K
Event: 4.159 GC heap after
Heap after GC invocations=9 (full 1):
 PSYoungGen      total 99840K, used 4865K [0x00000000ecf00000, 0x00000000f5380000, 0x0000000100000000)
  eden space 94720K, 0% used [0x00000000ecf00000,0x00000000ecf00000,0x00000000f2b80000)
  from space 5120K, 95% used [0x00000000f4e80000,0x00000000f53407d0,0x00000000f5380000)
  to   space 7168K, 0% used [0x00000000f4580000,0x00000000f4580000,0x00000000f4c80000)
 ParOldGen       total 41472K, used 13317K [0x00000000c6c00000, 0x00000000c9480000, 0x00000000ecf00000)
  object space 41472K, 32% used [0x00000000c6c00000,0x00000000c79016c0,0x00000000c9480000)
 Metaspace       used 24702K, capacity 25006K, committed 25216K, reserved 1071104K
  class space    used 3055K, capacity 3118K, committed 3200K, reserved 1048576K
}
Event: 5.257 GC heap before
{Heap before GC invocations=10 (full 1):
 PSYoungGen      total 99840K, used 99585K [0x00000000ecf00000, 0x00000000f5380000, 0x0000000100000000)
  eden space 94720K, 100% used [0x00000000ecf00000,0x00000000f2b80000,0x00000000f2b80000)
  from space 5120K, 95% used [0x00000000f4e80000,0x00000000f53407d0,0x00000000f5380000)
  to   space 7168K, 0% used [0x00000000f4580000,0x00000000f4580000,0x00000000f4c80000)
 ParOldGen       total 41472K, used 13317K [0x00000000c6c00000, 0x00000000c9480000, 0x00000000ecf00000)
  object space 41472K, 32% used [0x00000000c6c00000,0x00000000c79016c0,0x00000000c9480000)
 Metaspace       used 27440K, capacity 27768K, committed 28160K, reserved 1073152K
  class space    used 3376K, capacity 3477K, committed 3584K, reserved 1048576K
Event: 5.282 GC heap after
Heap after GC invocations=10 (full 1):
 PSYoungGen      total 128512K, used 7161K [0x00000000ecf00000, 0x00000000f5900000, 0x0000000100000000)
  eden space 121344K, 0% used [0x00000000ecf00000,0x00000000ecf00000,0x00000000f4580000)
  from space 7168K, 99% used [0x00000000f4580000,0x00000000f4c7e728,0x00000000f4c80000)
  to   space 8192K, 0% used [0x00000000f5100000,0x00000000f5100000,0x00000000f5900000)
 ParOldGen       total 41472K, used 14142K [0x00000000c6c00000, 0x00000000c9480000, 0x00000000ecf00000)
  object space 41472K, 34% used [0x00000000c6c00000,0x00000000c79cfa90,0x00000000c9480000)
 Metaspace       used 27440K, capacity 27768K, committed 28160K, reserved 1073152K
  class space    used 3376K, capacity 3477K, committed 3584K, reserved 1048576K
}
Event: 311.376 GC heap before
{Heap before GC invocations=11 (full 1):
 PSYoungGen      total 128512K, used 128505K [0x00000000ecf00000, 0x00000000f5900000, 0x0000000100000000)
  eden space 121344K, 100% used [0x00000000ecf00000,0x00000000f4580000,0x00000000f4580000)
  from space 7168K, 99% used [0x00000000f4580000,0x00000000f4c7e728,0x00000000f4c80000)
  to   space 8192K, 0% used [0x00000000f5100000,0x00000000f5100000,0x00000000f5900000)
 ParOldGen       total 41472K, used 14142K [0x00000000c6c00000, 0x00000000c9480000, 0x00000000ecf00000)
  object space 41472K, 34% used [0x00000000c6c00000,0x00000000c79cfa90,0x00000000c9480000)
 Metaspace       used 33982K, capacity 34312K, committed 34560K, reserved 1079296K
  class space    used 4158K, capacity 4249K, committed 4352K, reserved 1048576K
Event: 311.406 GC heap after
Heap after GC invocations=11 (full 1):
 PSYoungGen      total 129536K, used 8180K [0x00000000ecf00000, 0x00000000f7d80000, 0x0000000100000000)
  eden space 121344K, 0% used [0x00000000ecf00000,0x00000000ecf00000,0x00000000f4580000)
  from space 8192K, 99% used [0x00000000f5100000,0x00000000f58fd070,0x00000000f5900000)
  to   space 11776K, 0% used [0x00000000f4580000,0x00000000f4580000,0x00000000f5100000)
 ParOldGen       total 41472K, used 20513K [0x00000000c6c00000, 0x00000000c9480000, 0x00000000ecf00000)
  object space 41472K, 49% used [0x00000000c6c00000,0x00000000c8008700,0x00000000c9480000)
 Metaspace       used 33982K, capacity 34312K, committed 34560K, reserved 1079296K
  class space    used 4158K, capacity 4249K, committed 4352K, reserved 1048576K
}

