# JRE version: Java(TM) SE Runtime Environment (8.0_60-b27) (build 1.8.0_60-b27)
# Java VM: Java HotSpot(TM) 64-Bit Server VM (25.60-b23 mixed mode windows-amd64 compressed oops)
Heap:
 PSYoungGen      total 217088K, used 32406K [0x00000000ecf00000, 0x00000000fb400000, 0x0000000100000000)
  eden space 207360K, 11% used [0x00000000ecf00000,0x00000000ee547c50,0x00000000f9980000)
  from space 9728K, 98% used [0x00000000faa80000,0x00000000fb3ddd40,0x00000000fb400000)
  to   space 11264K, 0% used [0x00000000f9e00000,0x00000000f9e00000,0x00000000fa900000)
 ParOldGen       total 38400K, used 12151K [0x00000000c6c00000, 0x00000000c9180000, 0x00000000ecf00000)
  object space 38400K, 31% used [0x00000000c6c00000,0x00000000c77dde08,0x00000000c9180000)
 Metaspace       used 33340K, capacity 33672K, committed 33920K, reserved 1079296K
  class space    used 4094K, capacity 4185K, committed 4224K, reserved 1048576K
GC Heap History (10 events):
Event: 3.179 GC heap before
{Heap before GC invocations=5 (full 0):
 PSYoungGen      total 63488K, used 63464K [0x00000000ecf00000, 0x00000000f0f00000, 0x0000000100000000)
  eden space 61440K, 100% used [0x00000000ecf00000,0x00000000f0b00000,0x00000000f0b00000)
  from space 2048K, 98% used [0x00000000f0d00000,0x00000000f0efa020,0x00000000f0f00000)
  to   space 2048K, 0% used [0x00000000f0b00000,0x00000000f0b00000,0x00000000f0d00000)
 ParOldGen       total 39936K, used 14593K [0x00000000c6c00000, 0x00000000c9300000, 0x00000000ecf00000)
  object space 39936K, 36% used [0x00000000c6c00000,0x00000000c7a407b0,0x00000000c9300000)
 Metaspace       used 19970K, capacity 20310K, committed 20480K, reserved 1067008K
  class space    used 2447K, capacity 2538K, committed 2560K, reserved 1048576K
Event: 3.225 GC heap after
Heap after GC invocations=5 (full 0):
 PSYoungGen      total 63488K, used 2040K [0x00000000ecf00000, 0x00000000f5800000, 0x0000000100000000)
  eden space 61440K, 0% used [0x00000000ecf00000,0x00000000ecf00000,0x00000000f0b00000)
  from space 2048K, 99% used [0x00000000f0b00000,0x00000000f0cfe030,0x00000000f0d00000)
  to   space 8704K, 0% used [0x00000000f4f80000,0x00000000f4f80000,0x00000000f5800000)
 ParOldGen       total 39936K, used 17259K [0x00000000c6c00000, 0x00000000c9300000, 0x00000000ecf00000)
  object space 39936K, 43% used [0x00000000c6c00000,0x00000000c7cdafc8,0x00000000c9300000)
 Metaspace       used 19970K, capacity 20310K, committed 20480K, reserved 1067008K
  class space    used 2447K, capacity 2538K, committed 2560K, reserved 1048576K
}
Event: 3.398 GC heap before
{Heap before GC invocations=6 (full 0):
 PSYoungGen      total 63488K, used 12625K [0x00000000ecf00000, 0x00000000f5800000, 0x0000000100000000)
  eden space 61440K, 17% used [0x00000000ecf00000,0x00000000ed956650,0x00000000f0b00000)
  from space 2048K, 99% used [0x00000000f0b00000,0x00000000f0cfe030,0x00000000f0d00000)
  to   space 8704K, 0% used [0x00000000f4f80000,0x00000000f4f80000,0x00000000f5800000)
 ParOldGen       total 39936K, used 17259K [0x00000000c6c00000, 0x00000000c9300000, 0x00000000ecf00000)
  object space 39936K, 43% used [0x00000000c6c00000,0x00000000c7cdafc8,0x00000000c9300000)
 Metaspace       used 20961K, capacity 21206K, committed 21296K, reserved 1069056K
  class space    used 2584K, capacity 2666K, committed 2688K, reserved 1048576K
Event: 3.427 GC heap after
Heap after GC invocations=6 (full 0):
 PSYoungGen      total 131584K, used 3461K [0x00000000ecf00000, 0x00000000f5800000, 0x0000000100000000)
  eden space 122880K, 0% used [0x00000000ecf00000,0x00000000ecf00000,0x00000000f4700000)
  from space 8704K, 39% used [0x00000000f4f80000,0x00000000f52e1668,0x00000000f5800000)
  to   space 8704K, 0% used [0x00000000f4700000,0x00000000f4700000,0x00000000f4f80000)
 ParOldGen       total 39936K, used 17267K [0x00000000c6c00000, 0x00000000c9300000, 0x00000000ecf00000)
  object space 39936K, 43% used [0x00000000c6c00000,0x00000000c7cdcfc8,0x00000000c9300000)
 Metaspace       used 20961K, capacity 21206K, committed 21296K, reserved 1069056K
  class space    used 2584K, capacity 2666K, committed 2688K, reserved 1048576K
}
Event: 3.427 GC heap before
{Heap before GC invocations=7 (full 1):
 PSYoungGen      total 131584K, used 3461K [0x00000000ecf00000, 0x00000000f5800000, 0x0000000100000000)
  eden space 122880K, 0% used [0x00000000ecf00000,0x00000000ecf00000,0x00000000f4700000)
  from space 8704K, 39% used [0x00000000f4f80000,0x00000000f52e1668,0x00000000f5800000)
  to   space 8704K, 0% used [0x00000000f4700000,0x00000000f4700000,0x00000000f4f80000)
 ParOldGen       total 39936K, used 17267K [0x00000000c6c00000, 0x00000000c9300000, 0x00000000ecf00000)
  object space 39936K, 43% used [0x00000000c6c00000,0x00000000c7cdcfc8,0x00000000c9300000)
 Metaspace       used 20961K, capacity 21206K, committed 21296K, reserved 1069056K
  class space    used 2584K, capacity 2666K, committed 2688K, reserved 1048576K
Event: 3.484 GC heap after
Heap after GC invocations=7 (full 1):
 PSYoungGen      total 131584K, used 0K [0x00000000ecf00000, 0x00000000f5800000, 0x0000000100000000)
  eden space 122880K, 0% used [0x00000000ecf00000,0x00000000ecf00000,0x00000000f4700000)
  from space 8704K, 0% used [0x00000000f4f80000,0x00000000f4f80000,0x00000000f5800000)
  to   space 8704K, 0% used [0x00000000f4700000,0x00000000f4700000,0x00000000f4f80000)
 ParOldGen       total 38400K, used 12135K [0x00000000c6c00000, 0x00000000c9180000, 0x00000000ecf00000)
  object space 38400K, 31% used [0x00000000c6c00000,0x00000000c77d9e08,0x00000000c9180000)
 Metaspace       used 20961K, capacity 21206K, committed 21296K, reserved 1069056K
  class space    used 2584K, capacity 2666K, committed 2688K, reserved 1048576K
}
Event: 5.403 GC heap before
{Heap before GC invocations=8 (full 1):
 PSYoungGen      total 131584K, used 122880K [0x00000000ecf00000, 0x00000000f5800000, 0x0000000100000000)
  eden space 122880K, 100% used [0x00000000ecf00000,0x00000000f4700000,0x00000000f4700000)
  from space 8704K, 0% used [0x00000000f4f80000,0x00000000f4f80000,0x00000000f5800000)
  to   space 8704K, 0% used [0x00000000f4700000,0x00000000f4700000,0x00000000f4f80000)
 ParOldGen       total 38400K, used 12135K [0x00000000c6c00000, 0x00000000c9180000, 0x00000000ecf00000)
  object space 38400K, 31% used [0x00000000c6c00000,0x00000000c77d9e08,0x00000000c9180000)
 Metaspace       used 26843K, capacity 27180K, committed 27520K, reserved 1073152K
  class space    used 3308K, capacity 3411K, committed 3456K, reserved 1048576K
Event: 5.417 GC heap after
Heap after GC invocations=8 (full 1):
 PSYoungGen      total 131584K, used 8523K [0x00000000ecf00000, 0x00000000fb480000, 0x0000000100000000)
  eden space 122880K, 0% used [0x00000000ecf00000,0x00000000ecf00000,0x00000000f4700000)
  from space 8704K, 97% used [0x00000000f4700000,0x00000000f4f52f50,0x00000000f4f80000)
  to   space 10240K, 0% used [0x00000000faa80000,0x00000000faa80000,0x00000000fb480000)
 ParOldGen       total 38400K, used 12143K [0x00000000c6c00000, 0x00000000c9180000, 0x00000000ecf00000)
  object space 38400K, 31% used [0x00000000c6c00000,0x00000000c77dbe08,0x00000000c9180000)
 Metaspace       used 26843K, capacity 27180K, committed 27520K, reserved 1073152K
  class space    used 3308K, capacity 3411K, committed 3456K, reserved 1048576K
}
Event: 45.252 GC heap before
{Heap before GC invocations=9 (full 1):
 PSYoungGen      total 131584K, used 131403K [0x00000000ecf00000, 0x00000000fb480000, 0x0000000100000000)
  eden space 122880K, 100% used [0x00000000ecf00000,0x00000000f4700000,0x00000000f4700000)
  from space 8704K, 97% used [0x00000000f4700000,0x00000000f4f52f50,0x00000000f4f80000)
  to   space 10240K, 0% used [0x00000000faa80000,0x00000000faa80000,0x00000000fb480000)
 ParOldGen       total 38400K, used 12143K [0x00000000c6c00000, 0x00000000c9180000, 0x00000000ecf00000)
  object space 38400K, 31% used [0x00000000c6c00000,0x00000000c77dbe08,0x00000000c9180000)
 Metaspace       used 32384K, capacity 32744K, committed 33024K, reserved 1079296K
  class space    used 3992K, capacity 4089K, committed 4096K, reserved 1048576K
Event: 45.272 GC heap after
Heap after GC invocations=9 (full 1):
 PSYoungGen      total 217088K, used 9591K [0x00000000ecf00000, 0x00000000fb400000, 0x0000000100000000)
  eden space 207360K, 0% used [0x00000000ecf00000,0x00000000ecf00000,0x00000000f9980000)
  from space 9728K, 98% used [0x00000000faa80000,0x00000000fb3ddd40,0x00000000fb400000)
  to   space 11264K, 0% used [0x00000000f9e00000,0x00000000f9e00000,0x00000000fa900000)
 ParOldGen       total 38400K, used 12151K [0x00000000c6c00000, 0x00000000c9180000, 0x00000000ecf00000)
  object space 38400K, 31% used [0x00000000c6c00000,0x00000000c77dde08,0x00000000c9180000)
 Metaspace       used 32384K, capacity 32744K, committed 33024K, reserved 1079296K
  class space    used 3992K, capacity 4089K, committed 4096K, reserved 1048576K
}

